<?xml version="1.0" encoding="UTF-8"?>
<coverage generated="1713154746056" clover="3.2.0">
  <project timestamp="1713154746056" name="All files">
    <metrics statements="187" coveredstatements="187" conditionals="45" coveredconditionals="45" methods="13" coveredmethods="13" elements="245" coveredelements="245" complexity="0" loc="187" ncloc="187" packages="1" files="5" classes="5"/>
    <file name="builder.ts" path="/Users/alex/code/contribution/to-path-tree/src/builder.ts">
      <metrics statements="67" coveredstatements="67" conditionals="16" coveredconditionals="16" methods="7" coveredmethods="7"/>
      <line num="1" count="1" type="stmt"/>
      <line num="2" count="1" type="stmt"/>
      <line num="3" count="1" type="stmt"/>
      <line num="4" count="1" type="stmt"/>
      <line num="5" count="1" type="cond" truecount="1" falsecount="0"/>
      <line num="6" count="4" type="stmt"/>
      <line num="7" count="4" type="stmt"/>
      <line num="8" count="4" type="stmt"/>
      <line num="9" count="4" type="stmt"/>
      <line num="10" count="4" type="stmt"/>
      <line num="11" count="4" type="stmt"/>
      <line num="12" count="4" type="stmt"/>
      <line num="13" count="4" type="stmt"/>
      <line num="14" count="4" type="stmt"/>
      <line num="15" count="4" type="stmt"/>
      <line num="16" count="4" type="stmt"/>
      <line num="17" count="4" type="cond" truecount="1" falsecount="0"/>
      <line num="18" count="4" type="stmt"/>
      <line num="19" count="4" type="stmt"/>
      <line num="20" count="4" type="stmt"/>
      <line num="21" count="4" type="cond" truecount="1" falsecount="0"/>
      <line num="22" count="4" type="stmt"/>
      <line num="23" count="4" type="stmt"/>
      <line num="24" count="4" type="stmt"/>
      <line num="25" count="4" type="stmt"/>
      <line num="26" count="4" type="stmt"/>
      <line num="27" count="4" type="cond" truecount="1" falsecount="0"/>
      <line num="28" count="11" type="stmt"/>
      <line num="29" count="11" type="stmt"/>
      <line num="30" count="11" type="stmt"/>
      <line num="31" count="4" type="stmt"/>
      <line num="32" count="4" type="cond" truecount="1" falsecount="0"/>
      <line num="33" count="6" type="stmt"/>
      <line num="34" count="6" type="stmt"/>
      <line num="35" count="6" type="cond" truecount="2" falsecount="0"/>
      <line num="36" count="4" type="stmt"/>
      <line num="37" count="4" type="stmt"/>
      <line num="38" count="6" type="cond" truecount="1" falsecount="0"/>
      <line num="39" count="2" type="stmt"/>
      <line num="40" count="2" type="stmt"/>
      <line num="41" count="6" type="stmt"/>
      <line num="42" count="4" type="stmt"/>
      <line num="43" count="4" type="stmt"/>
      <line num="44" count="4" type="stmt"/>
      <line num="45" count="4" type="stmt"/>
      <line num="46" count="4" type="stmt"/>
      <line num="47" count="4" type="stmt"/>
      <line num="48" count="4" type="cond" truecount="1" falsecount="0"/>
      <line num="49" count="2" type="stmt"/>
      <line num="50" count="2" type="stmt"/>
      <line num="51" count="2" type="cond" truecount="1" falsecount="0"/>
      <line num="52" count="1" type="stmt"/>
      <line num="53" count="2" type="stmt"/>
      <line num="54" count="4" type="stmt"/>
      <line num="55" count="4" type="cond" truecount="1" falsecount="0"/>
      <line num="56" count="3" type="stmt"/>
      <line num="57" count="3" type="stmt"/>
      <line num="58" count="3" type="cond" truecount="2" falsecount="0"/>
      <line num="59" count="2" type="cond" truecount="1" falsecount="0"/>
      <line num="60" count="1" type="cond" truecount="1" falsecount="0"/>
      <line num="61" count="1" type="stmt"/>
      <line num="62" count="3" type="stmt"/>
      <line num="63" count="4" type="stmt"/>
      <line num="64" count="4" type="cond" truecount="1" falsecount="0"/>
      <line num="65" count="5" type="stmt"/>
      <line num="66" count="5" type="stmt"/>
      <line num="67" count="4" type="stmt"/>
    </file>
    <file name="constants.ts" path="/Users/alex/code/contribution/to-path-tree/src/constants.ts">
      <metrics statements="2" coveredstatements="2" conditionals="0" coveredconditionals="0" methods="0" coveredmethods="0"/>
      <line num="1" count="1" type="stmt"/>
      <line num="2" count="1" type="stmt"/>
    </file>
    <file name="fn.ts" path="/Users/alex/code/contribution/to-path-tree/src/fn.ts">
      <metrics statements="25" coveredstatements="25" conditionals="2" coveredconditionals="2" methods="1" coveredmethods="1"/>
      <line num="1" count="1" type="stmt"/>
      <line num="2" count="1" type="stmt"/>
      <line num="3" count="1" type="stmt"/>
      <line num="4" count="1" type="stmt"/>
      <line num="5" count="1" type="cond" truecount="1" falsecount="0"/>
      <line num="6" count="3" type="stmt"/>
      <line num="7" count="3" type="stmt"/>
      <line num="8" count="3" type="stmt"/>
      <line num="9" count="3" type="stmt"/>
      <line num="10" count="3" type="stmt"/>
      <line num="11" count="3" type="stmt"/>
      <line num="12" count="3" type="stmt"/>
      <line num="13" count="3" type="stmt"/>
      <line num="14" count="3" type="stmt"/>
      <line num="15" count="3" type="stmt"/>
      <line num="16" count="3" type="stmt"/>
      <line num="17" count="3" type="cond" truecount="1" falsecount="0"/>
      <line num="18" count="22" type="stmt"/>
      <line num="19" count="22" type="stmt"/>
      <line num="20" count="22" type="stmt"/>
      <line num="21" count="22" type="stmt"/>
      <line num="22" count="22" type="stmt"/>
      <line num="23" count="3" type="stmt"/>
      <line num="24" count="3" type="stmt"/>
      <line num="25" count="3" type="stmt"/>
    </file>
    <file name="index.ts" path="/Users/alex/code/contribution/to-path-tree/src/index.ts">
      <metrics statements="6" coveredstatements="6" conditionals="2" coveredconditionals="2" methods="0" coveredmethods="0"/>
      <line num="1" count="1" type="cond" truecount="2" falsecount="0"/>
      <line num="2" count="1" type="stmt"/>
      <line num="3" count="1" type="stmt"/>
      <line num="4" count="1" type="stmt"/>
      <line num="5" count="1" type="stmt"/>
      <line num="6" count="1" type="stmt"/>
    </file>
    <file name="utils.ts" path="/Users/alex/code/contribution/to-path-tree/src/utils.ts">
      <metrics statements="87" coveredstatements="87" conditionals="25" coveredconditionals="25" methods="5" coveredmethods="5"/>
      <line num="1" count="1" type="stmt"/>
      <line num="2" count="1" type="stmt"/>
      <line num="3" count="1" type="stmt"/>
      <line num="4" count="1" type="stmt"/>
      <line num="5" count="1" type="stmt"/>
      <line num="6" count="1" type="stmt"/>
      <line num="7" count="1" type="cond" truecount="1" falsecount="0"/>
      <line num="8" count="29" type="cond" truecount="1" falsecount="0"/>
      <line num="9" count="2" type="cond" truecount="1" falsecount="0"/>
      <line num="10" count="27" type="stmt"/>
      <line num="11" count="29" type="stmt"/>
      <line num="12" count="1" type="stmt"/>
      <line num="13" count="1" type="cond" truecount="1" falsecount="0"/>
      <line num="14" count="33" type="stmt"/>
      <line num="15" count="33" type="cond" truecount="1" falsecount="0"/>
      <line num="16" count="33" type="stmt"/>
      <line num="17" count="33" type="cond" truecount="1" falsecount="0"/>
      <line num="18" count="33" type="stmt"/>
      <line num="19" count="33" type="stmt"/>
      <line num="20" count="1" type="stmt"/>
      <line num="21" count="1" type="cond" truecount="1" falsecount="0"/>
      <line num="22" count="33" type="stmt"/>
      <line num="23" count="33" type="stmt"/>
      <line num="24" count="33" type="stmt"/>
      <line num="25" count="33" type="stmt"/>
      <line num="26" count="33" type="stmt"/>
      <line num="27" count="33" type="stmt"/>
      <line num="28" count="33" type="stmt"/>
      <line num="29" count="33" type="stmt"/>
      <line num="30" count="33" type="stmt"/>
      <line num="31" count="33" type="stmt"/>
      <line num="32" count="33" type="stmt"/>
      <line num="33" count="33" type="stmt"/>
      <line num="34" count="33" type="cond" truecount="1" falsecount="0"/>
      <line num="35" count="106" type="stmt"/>
      <line num="36" count="106" type="cond" truecount="2" falsecount="0"/>
      <line num="37" count="26" type="stmt"/>
      <line num="38" count="26" type="stmt"/>
      <line num="39" count="26" type="stmt"/>
      <line num="40" count="26" type="stmt"/>
      <line num="41" count="26" type="stmt"/>
      <line num="42" count="26" type="stmt"/>
      <line num="43" count="26" type="stmt"/>
      <line num="44" count="26" type="stmt"/>
      <line num="45" count="26" type="cond" truecount="1" falsecount="0"/>
      <line num="46" count="26" type="stmt"/>
      <line num="47" count="26" type="cond" truecount="1" falsecount="0"/>
      <line num="48" count="80" type="stmt"/>
      <line num="49" count="80" type="stmt"/>
      <line num="50" count="80" type="cond" truecount="1" falsecount="0"/>
      <line num="51" count="80" type="cond" truecount="2" falsecount="0"/>
      <line num="52" count="80" type="stmt"/>
      <line num="53" count="80" type="cond" truecount="2" falsecount="0"/>
      <line num="54" count="80" type="cond" truecount="1" falsecount="0"/>
      <line num="55" count="24" type="stmt"/>
      <line num="56" count="24" type="stmt"/>
      <line num="57" count="24" type="stmt"/>
      <line num="58" count="24" type="stmt"/>
      <line num="59" count="24" type="stmt"/>
      <line num="60" count="24" type="stmt"/>
      <line num="61" count="24" type="cond" truecount="1" falsecount="0"/>
      <line num="62" count="60" type="stmt"/>
      <line num="63" count="60" type="stmt"/>
      <line num="64" count="106" type="stmt"/>
      <line num="65" count="33" type="stmt"/>
      <line num="66" count="33" type="cond" truecount="1" falsecount="0"/>
      <line num="67" count="26" type="stmt"/>
      <line num="68" count="26" type="stmt"/>
      <line num="69" count="26" type="stmt"/>
      <line num="70" count="26" type="cond" truecount="1" falsecount="0"/>
      <line num="71" count="7" type="stmt"/>
      <line num="72" count="7" type="stmt"/>
      <line num="73" count="7" type="stmt"/>
      <line num="74" count="7" type="stmt"/>
      <line num="75" count="33" type="stmt"/>
      <line num="76" count="1" type="stmt"/>
      <line num="77" count="1" type="cond" truecount="1" falsecount="0"/>
      <line num="78" count="7" type="stmt"/>
      <line num="79" count="7" type="stmt"/>
      <line num="80" count="1" type="stmt"/>
      <line num="81" count="1" type="cond" truecount="1" falsecount="0"/>
      <line num="82" count="9" type="stmt"/>
      <line num="83" count="9" type="cond" truecount="1" falsecount="0"/>
      <line num="84" count="6" type="stmt"/>
      <line num="85" count="6" type="cond" truecount="1" falsecount="0"/>
      <line num="86" count="6" type="stmt"/>
      <line num="87" count="9" type="stmt"/>
    </file>
  </project>
</coverage>
