{"/Users/alex/code/contribution/to-path-tree/src/builder.ts": {"path":"/Users/alex/code/contribution/to-path-tree/src/builder.ts","all":false,"statementMap":{"0":{"start":{"line":1,"column":0},"end":{"line":1,"column":41}},"1":{"start":{"line":2,"column":0},"end":{"line":2,"column":63}},"2":{"start":{"line":3,"column":0},"end":{"line":3,"column":44}},"3":{"start":{"line":4,"column":0},"end":{"line":4,"column":0}},"4":{"start":{"line":5,"column":0},"end":{"line":5,"column":65}},"5":{"start":{"line":6,"column":0},"end":{"line":6,"column":32}},"6":{"start":{"line":7,"column":0},"end":{"line":7,"column":47}},"7":{"start":{"line":8,"column":0},"end":{"line":8,"column":0}},"8":{"start":{"line":9,"column":0},"end":{"line":9,"column":6}},"9":{"start":{"line":10,"column":0},"end":{"line":10,"column":10}},"10":{"start":{"line":11,"column":0},"end":{"line":11,"column":0}},"11":{"start":{"line":12,"column":0},"end":{"line":12,"column":5}},"12":{"start":{"line":13,"column":0},"end":{"line":13,"column":19}},"13":{"start":{"line":14,"column":0},"end":{"line":14,"column":37}},"14":{"start":{"line":15,"column":0},"end":{"line":15,"column":60}},"15":{"start":{"line":16,"column":0},"end":{"line":16,"column":5}},"16":{"start":{"line":17,"column":0},"end":{"line":17,"column":25}},"17":{"start":{"line":18,"column":0},"end":{"line":18,"column":16}},"18":{"start":{"line":19,"column":0},"end":{"line":19,"column":38}},"19":{"start":{"line":20,"column":0},"end":{"line":20,"column":6}},"20":{"start":{"line":21,"column":0},"end":{"line":21,"column":56}},"21":{"start":{"line":22,"column":0},"end":{"line":22,"column":0}},"22":{"start":{"line":23,"column":0},"end":{"line":23,"column":19}},"23":{"start":{"line":24,"column":0},"end":{"line":24,"column":27}},"24":{"start":{"line":25,"column":0},"end":{"line":25,"column":3}},"25":{"start":{"line":26,"column":0},"end":{"line":26,"column":0}},"26":{"start":{"line":27,"column":0},"end":{"line":27,"column":25}},"27":{"start":{"line":28,"column":0},"end":{"line":28,"column":74}},"28":{"start":{"line":29,"column":0},"end":{"line":29,"column":37}},"29":{"start":{"line":30,"column":0},"end":{"line":30,"column":3}},"30":{"start":{"line":31,"column":0},"end":{"line":31,"column":0}},"31":{"start":{"line":32,"column":0},"end":{"line":32,"column":28}},"32":{"start":{"line":33,"column":0},"end":{"line":33,"column":44}},"33":{"start":{"line":34,"column":0},"end":{"line":34,"column":18}},"34":{"start":{"line":35,"column":0},"end":{"line":35,"column":12}},"35":{"start":{"line":36,"column":0},"end":{"line":36,"column":35}},"36":{"start":{"line":37,"column":0},"end":{"line":37,"column":24}},"37":{"start":{"line":38,"column":0},"end":{"line":38,"column":67}},"38":{"start":{"line":39,"column":0},"end":{"line":39,"column":8}},"39":{"start":{"line":40,"column":0},"end":{"line":40,"column":67}},"40":{"start":{"line":41,"column":0},"end":{"line":41,"column":3}},"41":{"start":{"line":42,"column":0},"end":{"line":42,"column":0}},"42":{"start":{"line":43,"column":0},"end":{"line":43,"column":5}},"43":{"start":{"line":44,"column":0},"end":{"line":44,"column":4}},"44":{"start":{"line":45,"column":0},"end":{"line":45,"column":33}},"45":{"start":{"line":46,"column":0},"end":{"line":46,"column":57}},"46":{"start":{"line":47,"column":0},"end":{"line":47,"column":5}},"47":{"start":{"line":48,"column":0},"end":{"line":48,"column":77}},"48":{"start":{"line":49,"column":0},"end":{"line":49,"column":40}},"49":{"start":{"line":50,"column":0},"end":{"line":50,"column":14}},"50":{"start":{"line":51,"column":0},"end":{"line":51,"column":17}},"51":{"start":{"line":52,"column":0},"end":{"line":52,"column":67}},"52":{"start":{"line":53,"column":0},"end":{"line":53,"column":3}},"53":{"start":{"line":54,"column":0},"end":{"line":54,"column":0}},"54":{"start":{"line":55,"column":0},"end":{"line":55,"column":26}},"55":{"start":{"line":56,"column":0},"end":{"line":56,"column":40}},"56":{"start":{"line":57,"column":0},"end":{"line":57,"column":14}},"57":{"start":{"line":58,"column":0},"end":{"line":58,"column":15}},"58":{"start":{"line":59,"column":0},"end":{"line":59,"column":31}},"59":{"start":{"line":60,"column":0},"end":{"line":60,"column":10}},"60":{"start":{"line":61,"column":0},"end":{"line":61,"column":23}},"61":{"start":{"line":62,"column":0},"end":{"line":62,"column":3}},"62":{"start":{"line":63,"column":0},"end":{"line":63,"column":0}},"63":{"start":{"line":64,"column":0},"end":{"line":64,"column":14}},"64":{"start":{"line":65,"column":0},"end":{"line":65,"column":21}},"65":{"start":{"line":66,"column":0},"end":{"line":66,"column":3}},"66":{"start":{"line":67,"column":0},"end":{"line":67,"column":1}}},"s":{"0":1,"1":1,"2":1,"3":1,"4":1,"5":4,"6":4,"7":4,"8":4,"9":4,"10":4,"11":4,"12":4,"13":4,"14":4,"15":4,"16":4,"17":4,"18":4,"19":4,"20":4,"21":4,"22":4,"23":4,"24":4,"25":4,"26":4,"27":11,"28":11,"29":11,"30":4,"31":4,"32":6,"33":6,"34":6,"35":4,"36":4,"37":6,"38":2,"39":2,"40":6,"41":4,"42":4,"43":4,"44":4,"45":4,"46":4,"47":4,"48":2,"49":2,"50":2,"51":1,"52":2,"53":4,"54":4,"55":3,"56":3,"57":3,"58":2,"59":1,"60":1,"61":3,"62":4,"63":4,"64":5,"65":5,"66":4},"branchMap":{"0":{"type":"branch","line":5,"loc":{"start":{"line":5,"column":7},"end":{"line":67,"column":1}},"locations":[{"start":{"line":5,"column":7},"end":{"line":67,"column":1}}]},"1":{"type":"branch","line":17,"loc":{"start":{"line":17,"column":2},"end":{"line":25,"column":3}},"locations":[{"start":{"line":17,"column":2},"end":{"line":25,"column":3}}]},"2":{"type":"branch","line":21,"loc":{"start":{"line":21,"column":43},"end":{"line":21,"column":56}},"locations":[{"start":{"line":21,"column":43},"end":{"line":21,"column":56}}]},"3":{"type":"branch","line":27,"loc":{"start":{"line":27,"column":2},"end":{"line":30,"column":3}},"locations":[{"start":{"line":27,"column":2},"end":{"line":30,"column":3}}]},"4":{"type":"branch","line":32,"loc":{"start":{"line":32,"column":2},"end":{"line":41,"column":3}},"locations":[{"start":{"line":32,"column":2},"end":{"line":41,"column":3}}]},"5":{"type":"branch","line":35,"loc":{"start":{"line":35,"column":6},"end":{"line":35,"column":12}},"locations":[{"start":{"line":35,"column":6},"end":{"line":35,"column":12}}]},"6":{"type":"branch","line":35,"loc":{"start":{"line":35,"column":6},"end":{"line":38,"column":11}},"locations":[{"start":{"line":35,"column":6},"end":{"line":38,"column":11}}]},"7":{"type":"branch","line":38,"loc":{"start":{"line":38,"column":6},"end":{"line":40,"column":67}},"locations":[{"start":{"line":38,"column":6},"end":{"line":40,"column":67}}]},"8":{"type":"branch","line":48,"loc":{"start":{"line":48,"column":2},"end":{"line":53,"column":3}},"locations":[{"start":{"line":48,"column":2},"end":{"line":53,"column":3}}]},"9":{"type":"branch","line":51,"loc":{"start":{"line":51,"column":6},"end":{"line":52,"column":67}},"locations":[{"start":{"line":51,"column":6},"end":{"line":52,"column":67}}]},"10":{"type":"branch","line":55,"loc":{"start":{"line":55,"column":2},"end":{"line":62,"column":3}},"locations":[{"start":{"line":55,"column":2},"end":{"line":62,"column":3}}]},"11":{"type":"branch","line":58,"loc":{"start":{"line":58,"column":6},"end":{"line":58,"column":15}},"locations":[{"start":{"line":58,"column":6},"end":{"line":58,"column":15}}]},"12":{"type":"branch","line":58,"loc":{"start":{"line":58,"column":14},"end":{"line":59,"column":31}},"locations":[{"start":{"line":58,"column":14},"end":{"line":59,"column":31}}]},"13":{"type":"branch","line":59,"loc":{"start":{"line":59,"column":25},"end":{"line":60,"column":10}},"locations":[{"start":{"line":59,"column":25},"end":{"line":60,"column":10}}]},"14":{"type":"branch","line":60,"loc":{"start":{"line":60,"column":9},"end":{"line":61,"column":23}},"locations":[{"start":{"line":60,"column":9},"end":{"line":61,"column":23}}]},"15":{"type":"branch","line":64,"loc":{"start":{"line":64,"column":2},"end":{"line":66,"column":3}},"locations":[{"start":{"line":64,"column":2},"end":{"line":66,"column":3}}]}},"b":{"0":[4],"1":[4],"2":[2],"3":[11],"4":[6],"5":[2],"6":[4],"7":[2],"8":[2],"9":[1],"10":[3],"11":[1],"12":[2],"13":[1],"14":[1],"15":[5]},"fnMap":{"0":{"name":"<instance_members_initializer>","decl":{"start":{"line":5,"column":7},"end":{"line":67,"column":1}},"loc":{"start":{"line":5,"column":7},"end":{"line":67,"column":1}},"line":5},"1":{"name":"PathTreeBuilder","decl":{"start":{"line":17,"column":2},"end":{"line":25,"column":3}},"loc":{"start":{"line":17,"column":2},"end":{"line":25,"column":3}},"line":17},"2":{"name":"addPath","decl":{"start":{"line":27,"column":2},"end":{"line":30,"column":3}},"loc":{"start":{"line":27,"column":2},"end":{"line":30,"column":3}},"line":27},"3":{"name":"removePath","decl":{"start":{"line":32,"column":2},"end":{"line":41,"column":3}},"loc":{"start":{"line":32,"column":2},"end":{"line":41,"column":3}},"line":32},"4":{"name":"getNode","decl":{"start":{"line":48,"column":2},"end":{"line":53,"column":3}},"loc":{"start":{"line":48,"column":2},"end":{"line":53,"column":3}},"line":48},"5":{"name":"getItems","decl":{"start":{"line":55,"column":2},"end":{"line":62,"column":3}},"loc":{"start":{"line":55,"column":2},"end":{"line":62,"column":3}},"line":55},"6":{"name":"get tree","decl":{"start":{"line":64,"column":2},"end":{"line":66,"column":3}},"loc":{"start":{"line":64,"column":2},"end":{"line":66,"column":3}},"line":64}},"f":{"0":4,"1":4,"2":11,"3":6,"4":2,"5":3,"6":5}}
,"/Users/alex/code/contribution/to-path-tree/src/constants.ts": {"path":"/Users/alex/code/contribution/to-path-tree/src/constants.ts","all":false,"statementMap":{"0":{"start":{"line":1,"column":0},"end":{"line":1,"column":33}},"1":{"start":{"line":2,"column":0},"end":{"line":2,"column":30}}},"s":{"0":1,"1":1},"branchMap":{},"b":{},"fnMap":{},"f":{}}
,"/Users/alex/code/contribution/to-path-tree/src/fn.ts": {"path":"/Users/alex/code/contribution/to-path-tree/src/fn.ts","all":false,"statementMap":{"0":{"start":{"line":1,"column":0},"end":{"line":1,"column":41}},"1":{"start":{"line":2,"column":0},"end":{"line":2,"column":49}},"2":{"start":{"line":3,"column":0},"end":{"line":3,"column":44}},"3":{"start":{"line":4,"column":0},"end":{"line":4,"column":0}},"4":{"start":{"line":5,"column":0},"end":{"line":5,"column":51}},"5":{"start":{"line":6,"column":0},"end":{"line":6,"column":20}},"6":{"start":{"line":7,"column":0},"end":{"line":7,"column":10}},"7":{"start":{"line":8,"column":0},"end":{"line":8,"column":4}},"8":{"start":{"line":9,"column":0},"end":{"line":9,"column":14}},"9":{"start":{"line":10,"column":0},"end":{"line":10,"column":42}},"10":{"start":{"line":11,"column":0},"end":{"line":11,"column":25}},"11":{"start":{"line":12,"column":0},"end":{"line":12,"column":40}},"12":{"start":{"line":13,"column":0},"end":{"line":13,"column":0}},"13":{"start":{"line":14,"column":0},"end":{"line":14,"column":19}},"14":{"start":{"line":15,"column":0},"end":{"line":15,"column":30}},"15":{"start":{"line":16,"column":0},"end":{"line":16,"column":0}},"16":{"start":{"line":17,"column":0},"end":{"line":17,"column":31}},"17":{"start":{"line":18,"column":0},"end":{"line":18,"column":41}},"18":{"start":{"line":19,"column":0},"end":{"line":19,"column":18}},"19":{"start":{"line":20,"column":0},"end":{"line":20,"column":28}},"20":{"start":{"line":21,"column":0},"end":{"line":21,"column":54}},"21":{"start":{"line":22,"column":0},"end":{"line":22,"column":3}},"22":{"start":{"line":23,"column":0},"end":{"line":23,"column":0}},"23":{"start":{"line":24,"column":0},"end":{"line":24,"column":13}},"24":{"start":{"line":25,"column":0},"end":{"line":25,"column":1}}},"s":{"0":1,"1":1,"2":1,"3":1,"4":1,"5":3,"6":3,"7":3,"8":3,"9":3,"10":3,"11":3,"12":3,"13":3,"14":3,"15":3,"16":3,"17":22,"18":22,"19":22,"20":22,"21":22,"22":3,"23":3,"24":3},"branchMap":{"0":{"type":"branch","line":5,"loc":{"start":{"line":5,"column":7},"end":{"line":25,"column":1}},"locations":[{"start":{"line":5,"column":7},"end":{"line":25,"column":1}}]},"1":{"type":"branch","line":17,"loc":{"start":{"line":17,"column":30},"end":{"line":22,"column":3}},"locations":[{"start":{"line":17,"column":30},"end":{"line":22,"column":3}}]}},"b":{"0":[3],"1":[22]},"fnMap":{"0":{"name":"pathToTree","decl":{"start":{"line":5,"column":7},"end":{"line":25,"column":1}},"loc":{"start":{"line":5,"column":7},"end":{"line":25,"column":1}},"line":5}},"f":{"0":3}}
,"/Users/alex/code/contribution/to-path-tree/src/index.ts": {"path":"/Users/alex/code/contribution/to-path-tree/src/index.ts","all":false,"statementMap":{"0":{"start":{"line":1,"column":0},"end":{"line":1,"column":33}},"1":{"start":{"line":2,"column":0},"end":{"line":2,"column":43}},"2":{"start":{"line":3,"column":0},"end":{"line":3,"column":53}},"3":{"start":{"line":4,"column":0},"end":{"line":4,"column":57}},"4":{"start":{"line":5,"column":0},"end":{"line":5,"column":0}},"5":{"start":{"line":6,"column":0},"end":{"line":6,"column":63}}},"s":{"0":1,"1":1,"2":1,"3":1,"4":1,"5":1},"branchMap":{"0":{"type":"branch","line":1,"loc":{"start":{"line":1,"column":0},"end":{"line":4,"column":57}},"locations":[{"start":{"line":1,"column":0},"end":{"line":4,"column":57}}]},"1":{"type":"branch","line":1,"loc":{"start":{"line":1,"column":0},"end":{"line":4,"column":57}},"locations":[{"start":{"line":1,"column":0},"end":{"line":4,"column":57}}]}},"b":{"0":[1],"1":[1]},"fnMap":{},"f":{}}
,"/Users/alex/code/contribution/to-path-tree/src/utils.ts": {"path":"/Users/alex/code/contribution/to-path-tree/src/utils.ts","all":false,"statementMap":{"0":{"start":{"line":1,"column":0},"end":{"line":1,"column":40}},"1":{"start":{"line":2,"column":0},"end":{"line":2,"column":63}},"2":{"start":{"line":3,"column":0},"end":{"line":3,"column":0}},"3":{"start":{"line":4,"column":0},"end":{"line":4,"column":42}},"4":{"start":{"line":5,"column":0},"end":{"line":5,"column":36}},"5":{"start":{"line":6,"column":0},"end":{"line":6,"column":0}},"6":{"start":{"line":7,"column":0},"end":{"line":7,"column":49}},"7":{"start":{"line":8,"column":0},"end":{"line":8,"column":27}},"8":{"start":{"line":9,"column":0},"end":{"line":9,"column":43}},"9":{"start":{"line":10,"column":0},"end":{"line":10,"column":41}},"10":{"start":{"line":11,"column":0},"end":{"line":11,"column":1}},"11":{"start":{"line":12,"column":0},"end":{"line":12,"column":0}},"12":{"start":{"line":13,"column":0},"end":{"line":13,"column":54}},"13":{"start":{"line":14,"column":0},"end":{"line":14,"column":27}},"14":{"start":{"line":15,"column":0},"end":{"line":15,"column":17}},"15":{"start":{"line":16,"column":0},"end":{"line":16,"column":25}},"16":{"start":{"line":17,"column":0},"end":{"line":17,"column":21}},"17":{"start":{"line":18,"column":0},"end":{"line":18,"column":13}},"18":{"start":{"line":19,"column":0},"end":{"line":19,"column":1}},"19":{"start":{"line":20,"column":0},"end":{"line":20,"column":0}},"20":{"start":{"line":21,"column":0},"end":{"line":21,"column":32}},"21":{"start":{"line":22,"column":0},"end":{"line":22,"column":23}},"22":{"start":{"line":23,"column":0},"end":{"line":23,"column":14}},"23":{"start":{"line":24,"column":0},"end":{"line":24,"column":30}},"24":{"start":{"line":25,"column":0},"end":{"line":25,"column":43}},"25":{"start":{"line":26,"column":0},"end":{"line":26,"column":23}},"26":{"start":{"line":27,"column":0},"end":{"line":27,"column":43}},"27":{"start":{"line":28,"column":0},"end":{"line":28,"column":40}},"28":{"start":{"line":29,"column":0},"end":{"line":29,"column":31}},"29":{"start":{"line":30,"column":0},"end":{"line":30,"column":31}},"30":{"start":{"line":31,"column":0},"end":{"line":31,"column":0}},"31":{"start":{"line":32,"column":0},"end":{"line":32,"column":44}},"32":{"start":{"line":33,"column":0},"end":{"line":33,"column":0}},"33":{"start":{"line":34,"column":0},"end":{"line":34,"column":38}},"34":{"start":{"line":35,"column":0},"end":{"line":35,"column":25}},"35":{"start":{"line":36,"column":0},"end":{"line":36,"column":98}},"36":{"start":{"line":37,"column":0},"end":{"line":37,"column":54}},"37":{"start":{"line":38,"column":0},"end":{"line":38,"column":18}},"38":{"start":{"line":39,"column":0},"end":{"line":39,"column":27}},"39":{"start":{"line":40,"column":0},"end":{"line":40,"column":17}},"40":{"start":{"line":41,"column":0},"end":{"line":41,"column":12}},"41":{"start":{"line":42,"column":0},"end":{"line":42,"column":41}},"42":{"start":{"line":43,"column":0},"end":{"line":43,"column":28}},"43":{"start":{"line":44,"column":0},"end":{"line":44,"column":7}},"44":{"start":{"line":45,"column":0},"end":{"line":45,"column":41}},"45":{"start":{"line":46,"column":0},"end":{"line":46,"column":38}},"46":{"start":{"line":47,"column":0},"end":{"line":47,"column":5}},"47":{"start":{"line":48,"column":0},"end":{"line":48,"column":38}},"48":{"start":{"line":49,"column":0},"end":{"line":49,"column":36}},"49":{"start":{"line":50,"column":0},"end":{"line":50,"column":37}},"50":{"start":{"line":51,"column":0},"end":{"line":51,"column":48}},"51":{"start":{"line":52,"column":0},"end":{"line":52,"column":28}},"52":{"start":{"line":53,"column":0},"end":{"line":53,"column":16}},"53":{"start":{"line":54,"column":0},"end":{"line":54,"column":49}},"54":{"start":{"line":55,"column":0},"end":{"line":55,"column":47}},"55":{"start":{"line":56,"column":0},"end":{"line":56,"column":26}},"56":{"start":{"line":57,"column":0},"end":{"line":57,"column":20}},"57":{"start":{"line":58,"column":0},"end":{"line":58,"column":29}},"58":{"start":{"line":59,"column":0},"end":{"line":59,"column":30}},"59":{"start":{"line":60,"column":0},"end":{"line":60,"column":9}},"60":{"start":{"line":61,"column":0},"end":{"line":61,"column":7}},"61":{"start":{"line":62,"column":0},"end":{"line":62,"column":55}},"62":{"start":{"line":63,"column":0},"end":{"line":63,"column":5}},"63":{"start":{"line":64,"column":0},"end":{"line":64,"column":3}},"64":{"start":{"line":65,"column":0},"end":{"line":65,"column":0}},"65":{"start":{"line":66,"column":0},"end":{"line":66,"column":17}},"66":{"start":{"line":67,"column":0},"end":{"line":67,"column":7}},"67":{"start":{"line":68,"column":0},"end":{"line":68,"column":21}},"68":{"start":{"line":69,"column":0},"end":{"line":69,"column":23}},"69":{"start":{"line":70,"column":0},"end":{"line":70,"column":7}},"70":{"start":{"line":71,"column":0},"end":{"line":71,"column":7}},"71":{"start":{"line":72,"column":0},"end":{"line":72,"column":26}},"72":{"start":{"line":73,"column":0},"end":{"line":73,"column":26}},"73":{"start":{"line":74,"column":0},"end":{"line":74,"column":7}},"74":{"start":{"line":75,"column":0},"end":{"line":75,"column":1}},"75":{"start":{"line":76,"column":0},"end":{"line":76,"column":0}},"76":{"start":{"line":77,"column":0},"end":{"line":77,"column":53}},"77":{"start":{"line":78,"column":0},"end":{"line":78,"column":54}},"78":{"start":{"line":79,"column":0},"end":{"line":79,"column":1}},"79":{"start":{"line":80,"column":0},"end":{"line":80,"column":0}},"80":{"start":{"line":81,"column":0},"end":{"line":81,"column":100}},"81":{"start":{"line":82,"column":0},"end":{"line":82,"column":16}},"82":{"start":{"line":83,"column":0},"end":{"line":83,"column":26}},"83":{"start":{"line":84,"column":0},"end":{"line":84,"column":61}},"84":{"start":{"line":85,"column":0},"end":{"line":85,"column":39}},"85":{"start":{"line":86,"column":0},"end":{"line":86,"column":3}},"86":{"start":{"line":87,"column":0},"end":{"line":87,"column":1}}},"s":{"0":1,"1":1,"2":1,"3":1,"4":1,"5":1,"6":1,"7":29,"8":2,"9":27,"10":29,"11":1,"12":1,"13":33,"14":33,"15":33,"16":33,"17":33,"18":33,"19":1,"20":1,"21":33,"22":33,"23":33,"24":33,"25":33,"26":33,"27":33,"28":33,"29":33,"30":33,"31":33,"32":33,"33":33,"34":106,"35":106,"36":26,"37":26,"38":26,"39":26,"40":26,"41":26,"42":26,"43":26,"44":26,"45":26,"46":26,"47":80,"48":80,"49":80,"50":80,"51":80,"52":80,"53":80,"54":24,"55":24,"56":24,"57":24,"58":24,"59":24,"60":24,"61":60,"62":60,"63":106,"64":33,"65":33,"66":26,"67":26,"68":26,"69":26,"70":7,"71":7,"72":7,"73":7,"74":33,"75":1,"76":1,"77":7,"78":7,"79":1,"80":1,"81":9,"82":9,"83":6,"84":6,"85":6,"86":9},"branchMap":{"0":{"type":"branch","line":7,"loc":{"start":{"line":7,"column":7},"end":{"line":11,"column":1}},"locations":[{"start":{"line":7,"column":7},"end":{"line":11,"column":1}}]},"1":{"type":"branch","line":8,"loc":{"start":{"line":8,"column":26},"end":{"line":9,"column":43}},"locations":[{"start":{"line":8,"column":26},"end":{"line":9,"column":43}}]},"2":{"type":"branch","line":9,"loc":{"start":{"line":9,"column":42},"end":{"line":10,"column":41}},"locations":[{"start":{"line":9,"column":42},"end":{"line":10,"column":41}}]},"3":{"type":"branch","line":13,"loc":{"start":{"line":13,"column":7},"end":{"line":19,"column":1}},"locations":[{"start":{"line":13,"column":7},"end":{"line":19,"column":1}}]},"4":{"type":"branch","line":15,"loc":{"start":{"line":15,"column":4},"end":{"line":15,"column":17}},"locations":[{"start":{"line":15,"column":4},"end":{"line":15,"column":17}}]},"5":{"type":"branch","line":17,"loc":{"start":{"line":17,"column":4},"end":{"line":17,"column":21}},"locations":[{"start":{"line":17,"column":4},"end":{"line":17,"column":21}}]},"6":{"type":"branch","line":21,"loc":{"start":{"line":21,"column":7},"end":{"line":75,"column":1}},"locations":[{"start":{"line":21,"column":7},"end":{"line":75,"column":1}}]},"7":{"type":"branch","line":34,"loc":{"start":{"line":34,"column":37},"end":{"line":64,"column":3}},"locations":[{"start":{"line":34,"column":37},"end":{"line":64,"column":3}}]},"8":{"type":"branch","line":36,"loc":{"start":{"line":36,"column":25},"end":{"line":36,"column":44}},"locations":[{"start":{"line":36,"column":25},"end":{"line":36,"column":44}}]},"9":{"type":"branch","line":36,"loc":{"start":{"line":36,"column":44},"end":{"line":47,"column":5}},"locations":[{"start":{"line":36,"column":44},"end":{"line":47,"column":5}}]},"10":{"type":"branch","line":45,"loc":{"start":{"line":45,"column":22},"end":{"line":45,"column":41}},"locations":[{"start":{"line":45,"column":22},"end":{"line":45,"column":41}}]},"11":{"type":"branch","line":47,"loc":{"start":{"line":47,"column":4},"end":{"line":63,"column":5}},"locations":[{"start":{"line":47,"column":4},"end":{"line":63,"column":5}}]},"12":{"type":"branch","line":50,"loc":{"start":{"line":50,"column":8},"end":{"line":50,"column":37}},"locations":[{"start":{"line":50,"column":8},"end":{"line":50,"column":37}}]},"13":{"type":"branch","line":51,"loc":{"start":{"line":51,"column":33},"end":{"line":51,"column":44}},"locations":[{"start":{"line":51,"column":33},"end":{"line":51,"column":44}}]},"14":{"type":"branch","line":51,"loc":{"start":{"line":51,"column":38},"end":{"line":51,"column":48}},"locations":[{"start":{"line":51,"column":38},"end":{"line":51,"column":48}}]},"15":{"type":"branch","line":53,"loc":{"start":{"line":53,"column":8},"end":{"line":53,"column":16}},"locations":[{"start":{"line":53,"column":8},"end":{"line":53,"column":16}}]},"16":{"type":"branch","line":53,"loc":{"start":{"line":53,"column":8},"end":{"line":54,"column":48}},"locations":[{"start":{"line":53,"column":8},"end":{"line":54,"column":48}}]},"17":{"type":"branch","line":54,"loc":{"start":{"line":54,"column":48},"end":{"line":61,"column":7}},"locations":[{"start":{"line":54,"column":48},"end":{"line":61,"column":7}}]},"18":{"type":"branch","line":61,"loc":{"start":{"line":61,"column":6},"end":{"line":63,"column":5}},"locations":[{"start":{"line":61,"column":6},"end":{"line":63,"column":5}}]},"19":{"type":"branch","line":66,"loc":{"start":{"line":66,"column":9},"end":{"line":70,"column":7}},"locations":[{"start":{"line":66,"column":9},"end":{"line":70,"column":7}}]},"20":{"type":"branch","line":70,"loc":{"start":{"line":70,"column":6},"end":{"line":74,"column":7}},"locations":[{"start":{"line":70,"column":6},"end":{"line":74,"column":7}}]},"21":{"type":"branch","line":77,"loc":{"start":{"line":77,"column":7},"end":{"line":79,"column":1}},"locations":[{"start":{"line":77,"column":7},"end":{"line":79,"column":1}}]},"22":{"type":"branch","line":81,"loc":{"start":{"line":81,"column":7},"end":{"line":87,"column":1}},"locations":[{"start":{"line":81,"column":7},"end":{"line":87,"column":1}}]},"23":{"type":"branch","line":83,"loc":{"start":{"line":83,"column":25},"end":{"line":86,"column":3}},"locations":[{"start":{"line":83,"column":25},"end":{"line":86,"column":3}}]},"24":{"type":"branch","line":85,"loc":{"start":{"line":85,"column":6},"end":{"line":85,"column":39}},"locations":[{"start":{"line":85,"column":6},"end":{"line":85,"column":39}}]}},"b":{"0":[29],"1":[2],"2":[27],"3":[33],"4":[13],"5":[7],"6":[33],"7":[106],"8":[33],"9":[26],"10":[1],"11":[80],"12":[17],"13":[20],"14":[60],"15":[20],"16":[60],"17":[24],"18":[60],"19":[26],"20":[7],"21":[7],"22":[9],"23":[6],"24":[8]},"fnMap":{"0":{"name":"getFileNameAndExt","decl":{"start":{"line":7,"column":7},"end":{"line":11,"column":1}},"loc":{"start":{"line":7,"column":7},"end":{"line":11,"column":1}},"line":7},"1":{"name":"cleanPath","decl":{"start":{"line":13,"column":7},"end":{"line":19,"column":1}},"loc":{"start":{"line":13,"column":7},"end":{"line":19,"column":1}},"line":13},"2":{"name":"parsePath","decl":{"start":{"line":21,"column":7},"end":{"line":75,"column":1}},"loc":{"start":{"line":21,"column":7},"end":{"line":75,"column":1}},"line":21},"3":{"name":"genRoot","decl":{"start":{"line":77,"column":7},"end":{"line":79,"column":1}},"loc":{"start":{"line":77,"column":7},"end":{"line":79,"column":1}},"line":77},"4":{"name":"walkPathTree","decl":{"start":{"line":81,"column":7},"end":{"line":87,"column":1}},"loc":{"start":{"line":81,"column":7},"end":{"line":87,"column":1}},"line":81}},"f":{"0":29,"1":33,"2":33,"3":7,"4":9}}
}
